\BOOKMARK [0][-]{Doc-Start}{Introduction}{}% 1
\BOOKMARK [0][-]{chapter.1}{1 Notions pr\351liminaires }{}% 2
\BOOKMARK [1][-]{section.1.1}{1.1 D\351finitions et exemples}{chapter.1}% 3
\BOOKMARK [2][-]{subsection.1.1.1}{1.1.1 Alg\350bres lin\351aires de Lie}{section.1.1}% 4
\BOOKMARK [2][-]{subsection.1.1.2}{1.1.2 Alg\350bres de Lie de d\351rivation}{section.1.1}% 5
\BOOKMARK [1][-]{section.1.2}{1.2 Id\351aux et homomorphismes}{chapter.1}% 6
\BOOKMARK [2][-]{subsection.1.2.1}{1.2.1 Id\351aux}{section.1.2}% 7
\BOOKMARK [2][-]{subsection.1.2.2}{1.2.2 Homomorphismes et repr\351sentations}{section.1.2}% 8
\BOOKMARK [1][-]{section.1.3}{1.3 Alg\350bres de Lie r\351solubles et nilpotentes}{chapter.1}% 9
\BOOKMARK [2][-]{subsection.1.3.1}{1.3.1 Alg\350bres r\351solubles}{section.1.3}% 10
\BOOKMARK [2][-]{subsection.1.3.2}{1.3.2 Alg\350bres nilpotentes}{section.1.3}% 11
\BOOKMARK [0][-]{chapter.2}{2 Le th\351or\350me d'Engel}{}% 12
\BOOKMARK [1][-]{section.2.1}{2.1 Les Outils}{chapter.2}% 13
\BOOKMARK [1][-]{section.2.2}{2.2 D\351monstration et cons\351quences}{chapter.2}% 14
\BOOKMARK [0][-]{chapter.3}{3 Le th\351or\350me de Lie}{}% 15
\BOOKMARK [0][-]{chapter.4}{4 Crit\350re de Cartan}{}% 16
\BOOKMARK [1][-]{section.4.1}{4.1 Les outils}{chapter.4}% 17
\BOOKMARK [2][-]{subsection.4.1.1}{4.1.1 La d\351composition de Jordan-Chevalley}{section.4.1}% 18
\BOOKMARK [2][-]{subsection.4.1.2}{4.1.2 Crit\350re de nilpotence d'un endomorphisme}{section.4.1}% 19
\BOOKMARK [1][-]{section.4.2}{4.2 Crit\350re de Cartan et cons\351quences}{chapter.4}% 20
\BOOKMARK [0][-]{chapter.5}{5 Forme de Killing et alg\350bres de Lie Semisimples}{}% 21
